# JRE version: Java(TM) SE Runtime Environment (8.0_181-b13) (build 1.8.0_181-b13)
# Java VM: Java HotSpot(TM) 64-Bit Server VM (25.181-b13 mixed mode windows-amd64 compressed oops)
Heap:
 PSYoungGen      total 143360K, used 8686K [0x00000000da180000, 0x00000000e3980000, 0x0000000100000000)
  eden space 132608K, 0% used [0x00000000da180000,0x00000000da180000,0x00000000e2300000)
  from space 10752K, 80% used [0x00000000e2e00000,0x00000000e367b8a8,0x00000000e3880000)
  to   space 11264K, 0% used [0x00000000e2300000,0x00000000e2300000,0x00000000e2e00000)
 ParOldGen       total 87552K, used 8983K [0x000000008e400000, 0x0000000093980000, 0x00000000da180000)
  object space 87552K, 10% used [0x000000008e400000,0x000000008ecc5de8,0x0000000093980000)
 Metaspace       used 20765K, capacity 21020K, committed 21248K, reserved 1069056K
  class space    used 2327K, capacity 2446K, committed 2560K, reserved 1048576K
GC Heap History (10 events):
Event: 1.140 GC heap after
Heap after GC invocations=2 (full 0):
 PSYoungGen      total 38400K, used 5049K [0x00000000da180000, 0x00000000dcc00000, 0x0000000100000000)
  eden space 33280K, 0% used [0x00000000da180000,0x00000000da180000,0x00000000dc200000)
  from space 5120K, 98% used [0x00000000dc700000,0x00000000dcbee6c0,0x00000000dcc00000)
  to   space 5120K, 0% used [0x00000000dc200000,0x00000000dc200000,0x00000000dc700000)
 ParOldGen       total 87552K, used 24K [0x000000008e400000, 0x0000000093980000, 0x00000000da180000)
  object space 87552K, 0% used [0x000000008e400000,0x000000008e406000,0x0000000093980000)
 Metaspace       used 10008K, capacity 10086K, committed 10496K, reserved 1058816K
  class space    used 1123K, capacity 1169K, committed 1280K, reserved 1048576K
}
Event: 1.397 GC heap before
{Heap before GC invocations=3 (full 0):
 PSYoungGen      total 38400K, used 37546K [0x00000000da180000, 0x00000000dcc00000, 0x0000000100000000)
  eden space 33280K, 97% used [0x00000000da180000,0x00000000dc13c448,0x00000000dc200000)
  from space 5120K, 98% used [0x00000000dc700000,0x00000000dcbee6c0,0x00000000dcc00000)
  to   space 5120K, 0% used [0x00000000dc200000,0x00000000dc200000,0x00000000dc700000)
 ParOldGen       total 87552K, used 24K [0x000000008e400000, 0x0000000093980000, 0x00000000da180000)
  object space 87552K, 0% used [0x000000008e400000,0x000000008e406000,0x0000000093980000)
 Metaspace       used 11343K, capacity 11414K, committed 11520K, reserved 1058816K
  class space    used 1245K, capacity 1268K, committed 1280K, reserved 1048576K
Event: 1.402 GC heap after
Heap after GC invocations=3 (full 0):
 PSYoungGen      total 38400K, used 5101K [0x00000000da180000, 0x00000000dec80000, 0x0000000100000000)
  eden space 33280K, 0% used [0x00000000da180000,0x00000000da180000,0x00000000dc200000)
  from space 5120K, 99% used [0x00000000dc200000,0x00000000dc6fb508,0x00000000dc700000)
  to   space 5120K, 0% used [0x00000000de780000,0x00000000de780000,0x00000000dec80000)
 ParOldGen       total 87552K, used 842K [0x000000008e400000, 0x0000000093980000, 0x00000000da180000)
  object space 87552K, 0% used [0x000000008e400000,0x000000008e4d29d0,0x0000000093980000)
 Metaspace       used 11343K, capacity 11414K, committed 11520K, reserved 1058816K
  class space    used 1245K, capacity 1268K, committed 1280K, reserved 1048576K
}
Event: 1.922 GC heap before
{Heap before GC invocations=4 (full 0):
 PSYoungGen      total 38400K, used 38381K [0x00000000da180000, 0x00000000dec80000, 0x0000000100000000)
  eden space 33280K, 100% used [0x00000000da180000,0x00000000dc200000,0x00000000dc200000)
  from space 5120K, 99% used [0x00000000dc200000,0x00000000dc6fb508,0x00000000dc700000)
  to   space 5120K, 0% used [0x00000000de780000,0x00000000de780000,0x00000000dec80000)
 ParOldGen       total 87552K, used 842K [0x000000008e400000, 0x0000000093980000, 0x00000000da180000)
  object space 87552K, 0% used [0x000000008e400000,0x000000008e4d29d0,0x0000000093980000)
 Metaspace       used 16758K, capacity 16944K, committed 17280K, reserved 1064960K
  class space    used 1833K, capacity 1901K, committed 1920K, reserved 1048576K
Event: 1.931 GC heap after
Heap after GC invocations=4 (full 0):
 PSYoungGen      total 71680K, used 5092K [0x00000000da180000, 0x00000000dec80000, 0x0000000100000000)
  eden space 66560K, 0% used [0x00000000da180000,0x00000000da180000,0x00000000de280000)
  from space 5120K, 99% used [0x00000000de780000,0x00000000dec792e8,0x00000000dec80000)
  to   space 5120K, 0% used [0x00000000de280000,0x00000000de280000,0x00000000de780000)
 ParOldGen       total 87552K, used 3845K [0x000000008e400000, 0x0000000093980000, 0x00000000da180000)
  object space 87552K, 4% used [0x000000008e400000,0x000000008e7c1578,0x0000000093980000)
 Metaspace       used 16758K, capacity 16944K, committed 17280K, reserved 1064960K
  class space    used 1833K, capacity 1901K, committed 1920K, reserved 1048576K
}
Event: 2.745 GC heap before
{Heap before GC invocations=5 (full 0):
 PSYoungGen      total 71680K, used 71652K [0x00000000da180000, 0x00000000dec80000, 0x0000000100000000)
  eden space 66560K, 100% used [0x00000000da180000,0x00000000de280000,0x00000000de280000)
  from space 5120K, 99% used [0x00000000de780000,0x00000000dec792e8,0x00000000dec80000)
  to   space 5120K, 0% used [0x00000000de280000,0x00000000de280000,0x00000000de780000)
 ParOldGen       total 87552K, used 3845K [0x000000008e400000, 0x0000000093980000, 0x00000000da180000)
  object space 87552K, 4% used [0x000000008e400000,0x000000008e7c1578,0x0000000093980000)
 Metaspace       used 20393K, capacity 20608K, committed 20864K, reserved 1067008K
  class space    used 2284K, capacity 2374K, committed 2432K, reserved 1048576K
Event: 2.775 GC heap after
Heap after GC invocations=5 (full 0):
 PSYoungGen      total 71680K, used 5096K [0x00000000da180000, 0x00000000e3880000, 0x0000000100000000)
  eden space 66560K, 0% used [0x00000000da180000,0x00000000da180000,0x00000000de280000)
  from space 5120K, 99% used [0x00000000de280000,0x00000000de77a3f0,0x00000000de780000)
  to   space 10752K, 0% used [0x00000000e2e00000,0x00000000e2e00000,0x00000000e3880000)
 ParOldGen       total 87552K, used 8983K [0x000000008e400000, 0x0000000093980000, 0x00000000da180000)
  object space 87552K, 10% used [0x000000008e400000,0x000000008ecc5de8,0x0000000093980000)
 Metaspace       used 20393K, capacity 20608K, committed 20864K, reserved 1067008K
  class space    used 2284K, capacity 2374K, committed 2432K, reserved 1048576K
}
Event: 3.065 GC heap before
{Heap before GC invocations=6 (full 0):
 PSYoungGen      total 71680K, used 45639K [0x00000000da180000, 0x00000000e3880000, 0x0000000100000000)
  eden space 66560K, 60% used [0x00000000da180000,0x00000000dc917b28,0x00000000de280000)
  from space 5120K, 99% used [0x00000000de280000,0x00000000de77a3f0,0x00000000de780000)
  to   space 10752K, 0% used [0x00000000e2e00000,0x00000000e2e00000,0x00000000e3880000)
 ParOldGen       total 87552K, used 8983K [0x000000008e400000, 0x0000000093980000, 0x00000000da180000)
  object space 87552K, 10% used [0x000000008e400000,0x000000008ecc5de8,0x0000000093980000)
 Metaspace       used 20765K, capacity 21020K, committed 21248K, reserved 1069056K
  class space    used 2327K, capacity 2446K, committed 2560K, reserved 1048576K
Event: 3.079 GC heap after
Heap after GC invocations=6 (full 0):
 PSYoungGen      total 143360K, used 8686K [0x00000000da180000, 0x00000000e3980000, 0x0000000100000000)
  eden space 132608K, 0% used [0x00000000da180000,0x00000000da180000,0x00000000e2300000)
  from space 10752K, 80% used [0x00000000e2e00000,0x00000000e367b8a8,0x00000000e3880000)
  to   space 11264K, 0% used [0x00000000e2300000,0x00000000e2300000,0x00000000e2e00000)
 ParOldGen       total 87552K, used 8983K [0x000000008e400000, 0x0000000093980000, 0x00000000da180000)
  object space 87552K, 10% used [0x000000008e400000,0x000000008ecc5de8,0x0000000093980000)
 Metaspace       used 20765K, capacity 21020K, committed 21248K, reserved 1069056K
  class space    used 2327K, capacity 2446K, committed 2560K, reserved 1048576K
}
Event: 3.079 GC heap before
{Heap before GC invocations=7 (full 1):
 PSYoungGen      total 143360K, used 8686K [0x00000000da180000, 0x00000000e3980000, 0x0000000100000000)
  eden space 132608K, 0% used [0x00000000da180000,0x00000000da180000,0x00000000e2300000)
  from space 10752K, 80% used [0x00000000e2e00000,0x00000000e367b8a8,0x00000000e3880000)
  to   space 11264K, 0% used [0x00000000e2300000,0x00000000e2300000,0x00000000e2e00000)
 ParOldGen       total 87552K, used 8983K [0x000000008e400000, 0x0000000093980000, 0x00000000da180000)
  object space 87552K, 10% used [0x000000008e400000,0x000000008ecc5de8,0x0000000093980000)
 Metaspace       used 20765K, capacity 21020K, committed 21248K, reserved 1069056K
  class space    used 2327K, capacity 2446K, committed 2560K, reserved 1048576K

